#-----------------------------------------------------------
# Vivado v2018.1 (64-bit)
# SW Build 2188600 on Wed Apr  4 18:40:38 MDT 2018
# IP Build 2185939 on Wed Apr  4 20:55:05 MDT 2018
# Start of session at: Thu Feb 14 05:52:10 2019
# Process ID: 6016
# Current directory: C:/Users/aldhubaiban/Desktop/HW4_ABDULRAHMAN_ALDHUBAIBAN
# Command line: vivado.exe -gui_launcher_event rodinguilauncherevent4788 C:\Users\aldhubaiban\Desktop\HW4_ABDULRAHMAN_ALDHUBAIBAN\HW4_ABDULRAHMAN_ALDHUBAIBAN.xpr
# Log file: C:/Users/aldhubaiban/Desktop/HW4_ABDULRAHMAN_ALDHUBAIBAN/vivado.log
# Journal file: C:/Users/aldhubaiban/Desktop/HW4_ABDULRAHMAN_ALDHUBAIBAN\vivado.jou
#-----------------------------------------------------------
start_gui
open_project C:/Users/aldhubaiban/Desktop/HW4_ABDULRAHMAN_ALDHUBAIBAN/HW4_ABDULRAHMAN_ALDHUBAIBAN.xpr
Scanning sources...
Finished scanning sources
INFO: [IP_Flow 19-234] Refreshing IP repositories
INFO: [IP_Flow 19-1704] No user IP repositories specified
INFO: [IP_Flow 19-2313] Loaded Vivado IP repository 'C:/Xilinx/Vivado/2018.1/data/ip'.
open_project: Time (s): cpu = 00:00:12 ; elapsed = 00:00:15 . Memory (MB): peak = 579.852 ; gain = 77.324
update_compile_order -fileset sources_1
exit
INFO: [Common 17-206] Exiting Vivado at Thu Feb 14 05:55:34 2019...
